c:\users\aibek\documents\айбек\study\course 2\trimester 1\advanced programming 1\codes\assignment 1\assignment 1\debug\vc142.pdb
c:\users\aibek\documents\айбек\study\course 2\trimester 1\advanced programming 1\codes\assignment 1\assignment 1\debug\vc142.idb
c:\users\aibek\documents\айбек\study\course 2\trimester 1\advanced programming 1\codes\assignment 1\assignment 1\debug\main.obj
c:\users\aibek\documents\айбек\study\course 2\trimester 1\advanced programming 1\codes\assignment 1\assignment 1\debug\character.obj
c:\users\aibek\documents\айбек\study\course 2\trimester 1\advanced programming 1\codes\assignment 1\assignment 1\debug\game.obj
c:\users\aibek\documents\айбек\study\course 2\trimester 1\advanced programming 1\codes\assignment 1\assignment 1\debug\map.obj
c:\users\aibek\documents\айбек\study\course 2\trimester 1\advanced programming 1\codes\assignment 1\assignment 1\debug\item.obj
c:\users\aibek\documents\айбек\study\course 2\trimester 1\advanced programming 1\codes\assignment 1\assignment 1\debug\weapon.obj
c:\users\aibek\documents\айбек\study\course 2\trimester 1\advanced programming 1\codes\assignment 1\assignment 1\debug\inventory.obj
c:\users\aibek\documents\айбек\study\course 2\trimester 1\advanced programming 1\codes\assignment 1\assignment 1\debug\enemy.obj
c:\users\aibek\documents\айбек\study\course 2\trimester 1\advanced programming 1\codes\assignment 1\assignment 1\debug\armor.obj
c:\users\aibek\documents\айбек\study\course 2\trimester 1\advanced programming 1\codes\assignment 1\debug\assignment 1.exe
c:\users\aibek\documents\айбек\study\course 2\trimester 1\advanced programming 1\codes\assignment 1\debug\assignment 1.ilk
c:\users\aibek\documents\айбек\study\course 2\trimester 1\advanced programming 1\codes\assignment 1\debug\assignment 1.pdb
c:\users\aibek\documents\айбек\study\course 2\trimester 1\advanced programming 1\codes\assignment 1\assignment 1\debug\assignment 1.tlog\cl.command.1.tlog
c:\users\aibek\documents\айбек\study\course 2\trimester 1\advanced programming 1\codes\assignment 1\assignment 1\debug\assignment 1.tlog\cl.read.1.tlog
c:\users\aibek\documents\айбек\study\course 2\trimester 1\advanced programming 1\codes\assignment 1\assignment 1\debug\assignment 1.tlog\cl.write.1.tlog
c:\users\aibek\documents\айбек\study\course 2\trimester 1\advanced programming 1\codes\assignment 1\assignment 1\debug\assignment 1.tlog\link.command.1.tlog
c:\users\aibek\documents\айбек\study\course 2\trimester 1\advanced programming 1\codes\assignment 1\assignment 1\debug\assignment 1.tlog\link.read.1.tlog
c:\users\aibek\documents\айбек\study\course 2\trimester 1\advanced programming 1\codes\assignment 1\assignment 1\debug\assignment 1.tlog\link.write.1.tlog
